0 info it worked if it ends with ok
1 verbose cli [ '/usr/local/bin/node', '/usr/local/bin/npm', 'start' ]
2 info using npm@4.0.3
3 info using node@v7.2.0
4 verbose run-script [ 'prestart', 'start', 'poststart' ]
5 info lifecycle kingwood-2017@1.0.0~prestart: kingwood-2017@1.0.0
6 silly lifecycle kingwood-2017@1.0.0~prestart: no script for prestart, continuing
7 info lifecycle kingwood-2017@1.0.0~start: kingwood-2017@1.0.0
8 verbose lifecycle kingwood-2017@1.0.0~start: unsafe-perm in lifecycle true
9 verbose lifecycle kingwood-2017@1.0.0~start: PATH: /usr/local/lib/node_modules/npm/bin/node-gyp-bin:/Users/mstone/Documents/kingwood-2017/node_modules/.bin:/usr/local/heroku/bin:/Users/mstone/.rvm/gems/ruby-1.9.3-p448/bin:/Users/mstone/.rvm/gems/ruby-1.9.3-p448@global/bin:/Users/mstone/.rvm/rubies/ruby-1.9.3-p448/bin:/Users/mstone/.rvm/bin:/usr/bin:/bin:/usr/sbin:/sbin:/usr/local/bin:/usr/bin:/bin:/usr/sbin:/sbin:/usr/local/bin:/usr/X11/bin:/Users/mstone/.rvm/bin:/Users/mstone/.rvm/bin
10 verbose lifecycle kingwood-2017@1.0.0~start: CWD: /Users/mstone/Documents/kingwood-2017
11 silly lifecycle kingwood-2017@1.0.0~start: Args: [ '-c', 'docker-compose up -d && gulp' ]
12 silly lifecycle kingwood-2017@1.0.0~start: Returned: code: 1  signal: null
13 info lifecycle kingwood-2017@1.0.0~start: Failed to exec start script
14 verbose stack Error: kingwood-2017@1.0.0 start: `docker-compose up -d && gulp`
14 verbose stack Exit status 1
14 verbose stack     at EventEmitter.<anonymous> (/usr/local/lib/node_modules/npm/lib/utils/lifecycle.js:279:16)
14 verbose stack     at emitTwo (events.js:106:13)
14 verbose stack     at EventEmitter.emit (events.js:191:7)
14 verbose stack     at ChildProcess.<anonymous> (/usr/local/lib/node_modules/npm/lib/utils/spawn.js:40:14)
14 verbose stack     at emitTwo (events.js:106:13)
14 verbose stack     at ChildProcess.emit (events.js:191:7)
14 verbose stack     at maybeClose (internal/child_process.js:885:16)
14 verbose stack     at Process.ChildProcess._handle.onexit (internal/child_process.js:226:5)
15 verbose pkgid kingwood-2017@1.0.0
16 verbose cwd /Users/mstone/Documents/kingwood-2017
17 error Darwin 16.3.0
18 error argv "/usr/local/bin/node" "/usr/local/bin/npm" "start"
19 error node v7.2.0
20 error npm  v4.0.3
21 error code ELIFECYCLE
22 error kingwood-2017@1.0.0 start: `docker-compose up -d && gulp`
22 error Exit status 1
23 error Failed at the kingwood-2017@1.0.0 start script 'docker-compose up -d && gulp'.
23 error Make sure you have the latest version of node.js and npm installed.
23 error If you do, this is most likely a problem with the kingwood-2017 package,
23 error not with npm itself.
23 error Tell the author that this fails on your system:
23 error     docker-compose up -d && gulp
23 error You can get information on how to open an issue for this project with:
23 error     npm bugs kingwood-2017
23 error Or if that isn't available, you can get their info via:
23 error     npm owner ls kingwood-2017
23 error There is likely additional logging output above.
24 verbose exit [ 1, true ]
